app/build/outputs/logs/manifest-merger-release-report.txt
-- Merging decision tree log ---
manifest
ADDED from src\main\AndroidManifest.xml:34:1-71:12
	package
		ADDED from src\main\AndroidManifest.xml:35:5-48
		INJECTED from src\main\AndroidManifest.xml
		INJECTED from src\main\AndroidManifest.xml
	android:versionName
		ADDED from src\main\AndroidManifest.xml:37:5-29
	android:versionCode
		ADDED from src\main\AndroidManifest.xml:36:5-29
		INJECTED from src\main\AndroidManifest.xml
		INJECTED from src\main\AndroidManifest.xml
	xmlns:android
		ADDED from src\main\AndroidManifest.xml:34:11-69
uses-sdk
ADDED from src\main\AndroidManifest.xml:39:5-41:41
	android:targetSdkVersion
		ADDED from src\main\AndroidManifest.xml:41:9-38
		INJECTED from src\main\AndroidManifest.xml
		INJECTED from src\main\AndroidManifest.xml
	android:minSdkVersion
		ADDED from src\main\AndroidManifest.xml:40:9-35
		INJECTED from src\main\AndroidManifest.xml
		INJECTED from src\main\AndroidManifest.xml
uses-feature#android.hardware.sensor.accelerometer
ADDED from src\main\AndroidManifest.xml:43:5-99
	android:required
		ADDED from src\main\AndroidManifest.xml:43:72-96
	android:name
		ADDED from src\main\AndroidManifest.xml:43:19-71
uses-feature#android.hardware.sensor.compass
ADDED from src\main\AndroidManifest.xml:44:5-92
	android:required
		ADDED from src\main\AndroidManifest.xml:44:66-90
	android:name
		ADDED from src\main\AndroidManifest.xml:44:19-65
uses-feature#android.hardware.bluetooth_le
ADDED from src\main\AndroidManifest.xml:45:5-91
	android:required
		ADDED from src\main\AndroidManifest.xml:45:64-88
	android:name
		ADDED from src\main\AndroidManifest.xml:45:19-63
uses-permission#android.permission.INTERNET
ADDED from src\main\AndroidManifest.xml:47:5-67
	android:name
		ADDED from src\main\AndroidManifest.xml:47:22-64
uses-permission#android.permission.ACCESS_WIFI_STATE
ADDED from src\main\AndroidManifest.xml:48:5-76
	android:name
		ADDED from src\main\AndroidManifest.xml:48:22-73
uses-permission#android.permission.CHANGE_WIFI_STATE
ADDED from src\main\AndroidManifest.xml:49:5-76
	android:name
		ADDED from src\main\AndroidManifest.xml:49:22-73
uses-permission#android.permission.READ_EXTERNAL_STORAGE
ADDED from src\main\AndroidManifest.xml:50:5-80
	android:name
		ADDED from src\main\AndroidManifest.xml:50:22-77
uses-permission#android.permission.WRITE_EXTERNAL_STORAGE
ADDED from src\main\AndroidManifest.xml:51:5-81
	android:name
		ADDED from src\main\AndroidManifest.xml:51:22-78
application
ADDED from src\main\AndroidManifest.xml:54:5-69:19
	android:label
		ADDED from src\main\AndroidManifest.xml:57:9-41
	android:allowBackup
		ADDED from src\main\AndroidManifest.xml:55:9-35
	android:icon
		ADDED from src\main\AndroidManifest.xml:56:9-45
	android:theme
		ADDED from src\main\AndroidManifest.xml:58:9-40
activity#com.arubanetworks.aledemonstrator.MainActivity
ADDED from src\main\AndroidManifest.xml:59:9-68:20
	android:label
		ADDED from src\main\AndroidManifest.xml:61:13-45
	android:configChanges
		ADDED from src\main\AndroidManifest.xml:62:13-74
	android:name
		ADDED from src\main\AndroidManifest.xml:60:13-74
intent-filter#android.intent.action.MAIN+android.intent.category.LAUNCHER
ADDED from src\main\AndroidManifest.xml:63:13-67:29
action#android.intent.action.MAIN
ADDED from src\main\AndroidManifest.xml:64:17-69
	android:name
		ADDED from src\main\AndroidManifest.xml:64:25-66
category#android.intent.category.LAUNCHER
ADDED from src\main\AndroidManifest.xml:66:17-77
	android:name
		ADDED from src\main\AndroidManifest.xml:66:27-74